<?xml version="1.0" encoding="UTF-8"?>
<!-- Generated by org.testng.reporters.JUnitReportReporter -->
<testsuite skipped="0" hostname="HIH-D-16328" name="com.netease.qa.ai.smartauto.runners.Runner9" tests="1" failures="0" timestamp="07 一月 2019 12:31:18 GMT" time="25.032" errors="0">
  <testcase name="runCase" time="25.032" classname="com.netease.qa.ai.smartauto.runners.Runner9"/>
</testsuite> <!-- com.netease.qa.ai.smartauto.runners.Runner9 -->
