<?xml version="1.0" encoding="UTF-8"?>
<!-- Generated by org.testng.reporters.JUnitReportReporter -->
<testsuite skipped="0" hostname="HIH-D-16328" name="com.netease.qa.ai.smartauto.runners.Runner15" tests="1" failures="1" timestamp="04 一月 2019 09:04:46 GMT" time="32.752" errors="0">
  <testcase name="runCase" time="32.752" classname="com.netease.qa.ai.smartauto.runners.Runner15">
    <failure type="java.lang.AssertionError" message="执行失败或程序异常：在填写Scratch作业标题输入框输入#Scratch作业1。截图及报告：http://smartauto.hz.netease.com/report/casereport?case_id=86587&amp;device_id=4344">
      <![CDATA[java.lang.AssertionError: 执行失败或程序异常：在填写Scratch作业标题输入框输入#Scratch作业1。截图及报告：http://smartauto.hz.netease.com/report/casereport?case_id=86587&device_id=4344
at org.testng.Assert.fail(Assert.java:97)
at com.netease.qa.ai.smartauto.runners.Runner15.runCase(Runner15.java:31)
at sun.reflect.NativeMethodAccessorImpl.invoke0(Native Method)
at sun.reflect.NativeMethodAccessorImpl.invoke(NativeMethodAccessorImpl.java:62)
at sun.reflect.DelegatingMethodAccessorImpl.invoke(DelegatingMethodAccessorImpl.java:43)
at java.lang.reflect.Method.invoke(Method.java:498)
at org.testng.internal.MethodInvocationHelper.invokeMethod(MethodInvocationHelper.java:124)
at org.testng.internal.Invoker.invokeMethod(Invoker.java:583)
at org.testng.internal.Invoker.invokeTestMethod(Invoker.java:719)
at org.testng.internal.Invoker.invokeTestMethods(Invoker.java:998)
at org.testng.internal.TestMethodWorker.invokeTestMethods(TestMethodWorker.java:125)
at org.testng.internal.TestMethodWorker.run(TestMethodWorker.java:109)
at org.testng.TestRunner.privateRun(TestRunner.java:648)
at org.testng.TestRunner.run(TestRunner.java:505)
at org.testng.SuiteRunner.runTest(SuiteRunner.java:455)
at org.testng.SuiteRunner.access$000(SuiteRunner.java:40)
at org.testng.SuiteRunner$SuiteWorker.run(SuiteRunner.java:489)
at org.testng.internal.thread.ThreadUtil$1.call(ThreadUtil.java:52)
at java.util.concurrent.FutureTask.run(FutureTask.java:266)
at java.util.concurrent.ThreadPoolExecutor.runWorker(ThreadPoolExecutor.java:1149)
at java.util.concurrent.ThreadPoolExecutor$Worker.run(ThreadPoolExecutor.java:624)
at java.lang.Thread.run(Thread.java:748)
]]>
    </failure>
  </testcase> <!-- runCase -->
</testsuite> <!-- com.netease.qa.ai.smartauto.runners.Runner15 -->
