<?xml version="1.0" encoding="UTF-8"?>
<!-- Generated by org.testng.reporters.JUnitReportReporter -->
<testsuite skipped="0" hostname="HIH-D-16328" name="com.netease.qa.ai.smartauto.runners.Runner17" tests="1" failures="0" timestamp="04 一月 2019 09:04:46 GMT" time="25.778" errors="0">
  <testcase name="runCase" time="25.778" classname="com.netease.qa.ai.smartauto.runners.Runner17"/>
</testsuite> <!-- com.netease.qa.ai.smartauto.runners.Runner17 -->
