<?xml version="1.0" encoding="UTF-8"?>
<!-- Generated by org.testng.reporters.JUnitReportReporter -->
<testsuite skipped="0" hostname="HIH-D-16328" name="com.netease.qa.ai.smartauto.runners.Runner6" tests="1" failures="0" timestamp="26 十二月 2018 11:40:06 GMT" time="108.015" errors="0">
  <testcase name="runCase" time="108.015" classname="com.netease.qa.ai.smartauto.runners.Runner6"/>
</testsuite> <!-- com.netease.qa.ai.smartauto.runners.Runner6 -->
