<?xml version="1.0" encoding="UTF-8"?>
<!-- Generated by org.testng.reporters.JUnitReportReporter -->
<testsuite skipped="0" hostname="HIH-D-16328" name="com.netease.qa.ai.smartauto.runners.Runner7" tests="1" failures="0" timestamp="07 一月 2019 12:31:18 GMT" time="22.442" errors="0">
  <testcase name="runCase" time="22.442" classname="com.netease.qa.ai.smartauto.runners.Runner7"/>
</testsuite> <!-- com.netease.qa.ai.smartauto.runners.Runner7 -->
