<?xml version="1.0" encoding="UTF-8"?>
<!-- Generated by org.testng.reporters.JUnitReportReporter -->
<testsuite skipped="0" hostname="HIH-D-16328" name="com.netease.qa.ai.smartauto.runners.Runner1" tests="1" failures="0" timestamp="12 十二月 2018 09:03:52 GMT" time="43.070" errors="0">
  <testcase name="runCase" time="43.070" classname="com.netease.qa.ai.smartauto.runners.Runner1"/>
</testsuite> <!-- com.netease.qa.ai.smartauto.runners.Runner1 -->
