<?xml version="1.0" encoding="UTF-8"?>
<!-- Generated by org.testng.reporters.JUnitReportReporter -->
<testsuite skipped="0" hostname="HIH-D-16328" name="com.netease.qa.ai.smartauto.runners.Runner18" tests="1" failures="0" timestamp="08 一月 2019 06:52:35 GMT" time="32.082" errors="0">
  <testcase name="runCase" time="32.082" classname="com.netease.qa.ai.smartauto.runners.Runner18"/>
</testsuite> <!-- com.netease.qa.ai.smartauto.runners.Runner18 -->
