<?xml version="1.0" encoding="UTF-8"?>
<!-- Generated by org.testng.reporters.JUnitReportReporter -->
<testsuite skipped="0" hostname="HIH-D-16328" name="com.netease.qa.ai.smartauto.runners.Runner12" tests="1" failures="0" timestamp="07 一月 2019 12:31:18 GMT" time="5.879" errors="0">
  <testcase name="runCase" time="5.879" classname="com.netease.qa.ai.smartauto.runners.Runner12"/>
</testsuite> <!-- com.netease.qa.ai.smartauto.runners.Runner12 -->
