<?xml version="1.0" encoding="UTF-8"?>
<!-- Generated by org.testng.reporters.JUnitReportReporter -->
<testsuite skipped="0" hostname="HIH-D-16328" name="com.netease.qa.ai.smartauto.runners.Runner4" tests="1" failures="0" timestamp="26 十二月 2018 02:34:17 GMT" time="85.085" errors="0">
  <testcase name="runCase" time="85.085" classname="com.netease.qa.ai.smartauto.runners.Runner4"/>
</testsuite> <!-- com.netease.qa.ai.smartauto.runners.Runner4 -->
