<?xml version="1.0" encoding="UTF-8"?>
<!-- Generated by org.testng.reporters.JUnitReportReporter -->
<testsuite skipped="1" hostname="HIH-D-16328" name="com.netease.qa.ai.smartauto.runners.Runner10" tests="1" failures="0" timestamp="08 一月 2019 06:52:35 GMT" time="0.000" errors="0">
  <testcase name="runCase" time="0.000" classname="com.netease.qa.ai.smartauto.runners.Runner10">
    <skipped/>
  </testcase> <!-- runCase -->
</testsuite> <!-- com.netease.qa.ai.smartauto.runners.Runner10 -->
